[2025-06-07 11:09:55] Email configuration saved
[2025-06-07 12:31:13] Email configuration reset
[2025-06-07 12:32:05] Email configuration saved
[2025-06-07 14:10:36] Email configuration saved
[2025-06-07 14:11:05] Access password sent to ar0121@srmist.edu.in
[2025-06-07 14:11:25] Access denied due to incorrect password
[2025-06-07 14:11:49] Access password sent to ar0121@srmist.edu.in
[2025-06-07 14:12:18] Access denied due to incorrect password
[2025-06-07 14:13:11] Access password sent to ar0121@srmist.edu.in
[2025-06-07 14:13:54] Access denied due to incorrect password
[2025-06-07 14:14:25] Access password sent to billabiram123@gmail.com
[2025-06-07 14:15:43] USB enabled
[2025-06-07 14:16:21] Access password sent to ar0121@srmist.edu.in
[2025-06-07 14:16:46] USB disabled
[2025-06-07 15:25:51] Access password sent to ar0121@srmist.edu.in
[2025-06-07 15:26:16] USB enabled
[2025-06-07 15:34:48] Email configuration reset
[2025-06-07 15:35:22] Email configuration saved
[2025-06-07 15:36:15] Access password sent to ar0121@srmist.edu.in
[2025-06-07 15:36:44] USB enabled
[2025-06-07 16:19:51] Email configuration reset
[2025-06-07 16:21:02] Email configuration saved
[2025-06-07 16:21:31] Access password sent to billabiram123@gmail.com
[2025-06-07 16:21:47] Access denied due to incorrect password
[2025-06-09 19:29:00] Access password sent to billabiram123@gmail.com
[2025-06-09 19:30:07] USB enabled
[2025-06-09 19:33:25] Email configuration reset
[2025-06-09 19:33:58] Email configuration saved
[2025-06-09 19:39:34] Email configuration reset
[2025-06-09 19:39:54] Email configuration saved
[2025-06-09 19:40:09] Access password sent to ar0121@srmist.edu.in
[2025-06-09 19:41:20] USB enabled
[2025-06-09 19:49:43] Email configuration reset
[2025-06-09 19:50:16] Email configuration saved
[2025-06-09 19:52:20] Email configuration reset
[2025-06-09 19:52:41] Email configuration saved
[2025-06-09 19:53:48] Email configuration reset
[2025-06-09 19:54:19] Email configuration saved
[2025-06-09 19:55:45] Email configuration reset
[2025-06-09 19:56:14] Email configuration saved
[2025-06-09 19:56:31] Access password sent to ar0121@srmist.edu.in
[2025-06-09 19:57:18] USB enabled
[2025-06-09 22:38:01] Email configuration reset
[2025-06-09 22:44:44] Email configuration reset
[2025-06-09 22:47:16] Email configuration reset
[2025-06-09 22:47:21] Email configuration reset
[2025-06-11 16:05:27] Email configuration reset
[2025-06-11 16:06:05] Email configuration saved
[2025-06-11 16:06:24] Access password sent to ar0121@srmist.edu.in
[2025-06-11 16:07:33] USB enabled
[2025-06-11 16:10:03] Access password sent to ar0121@srmist.edu.in
[2025-06-11 16:10:45] USB enabled
[2025-06-11 16:18:59] Access password sent to ar0121@srmist.edu.in
[2025-06-11 16:19:47] USB enabled
[2025-06-11 16:19:52] Email configuration reset
[2025-06-11 16:33:35] Email configuration saved
[2025-06-11 16:33:57] Email configuration saved
[2025-06-11 16:46:12] Email configuration reset
[2025-06-11 16:48:29] Email configuration saved
[2025-06-11 17:12:15] Access password sent to ar0121@srmist.edu.in
[2025-06-11 17:12:58] USB enabled
[2025-06-11 17:45:43] Access password sent to ar0121@srmist.edu.in
[2025-06-11 17:46:40] USB enabled
